This is pdfeTeXk, Version 3.141592-1.30.4-2.2 (Web2C 7.5.5) (format=pdflatex 2006.6.8)  18 AUG 2010 16:19
entering extended mode
 file:line:error style messages enabled.
**\input lecture-15.tex
(./lecture-15.tex
(/usr/local/teTeX/share/texmf.gwtex/tex/latex/beamer/beamer.cls
(/usr/local/teTeX/share/texmf.gwtex/tex/latex/beamer/beamerbasercs.sty
Package: beamerbasercs 2004/10/07 (rcs-revision 1.3)
)
Document Class: beamer 2005/10/23 cvs version 3.06 A class for typesetting pres
entations (rcs-revision 1.67)
(/usr/local/teTeX/share/texmf.gwtex/tex/latex/beamer/beamerbasemodes.sty
Package: beamerbasemodes 2004/12/09 (rcs-revision 1.21)
\beamer@tempbox=\box26
\beamer@tempcount=\count79
\c@beamerpauses=\count80

(/usr/local/teTeX/share/texmf.gwtex/tex/latex/beamer/beamerbasedecode.sty
Package: beamerbasedecode 2005/05/09 (rcs-revision 1.18)
\beamer@slideinframe=\count81
\beamer@minimum=\count82
)
\beamer@commentbox=\box27
\beamer@modecount=\count83
)
\headheight=\dimen102
\headdp=\dimen103
\footheight=\dimen104
\sidebarheight=\dimen105
\beamer@tempdim=\dimen106
\beamer@finalheight=\dimen107
\beamer@animht=\dimen108
\beamer@animdp=\dimen109
\beamer@animwd=\dimen110
\beamer@leftmargin=\dimen111
\beamer@rightmargin=\dimen112
\beamer@leftsidebar=\dimen113
\beamer@rightsidebar=\dimen114
\beamer@boxsize=\dimen115
\beamer@vboxoffset=\dimen116
\beamer@descdefault=\dimen117
\beamer@descriptionwidth=\dimen118
\beamer@lastskip=\skip41
\beamer@areabox=\box28
\beamer@animcurrent=\box29
\beamer@animshowbox=\box30
\beamer@sectionbox=\box31
\beamer@logobox=\box32
\beamer@linebox=\box33
\beamer@sectioncount=\count84
\beamer@subsubsectionmax=\count85
\beamer@subsectionmax=\count86
\beamer@sectionmax=\count87
\beamer@totalheads=\count88
\beamer@headcounter=\count89
\beamer@partstartpage=\count90
\beamer@sectionstartpage=\count91
\beamer@subsectionstartpage=\count92
\beamer@animationtempa=\count93
\beamer@animationtempb=\count94
\beamer@xpos=\count95
\beamer@ypos=\count96
\beamer@showpartnumber=\count97
\beamer@currentsubsection=\count98
\beamer@coveringdepth=\count99
\beamer@sectionadjust=\count100
\beamer@tocsectionnumber=\count101

(/usr/local/teTeX/share/texmf.gwtex/tex/latex/beamer/beamerbaseoptions.sty
Package: beamerbaseoptions 2004/11/15 (rcs-revision 1.7)

(/usr/local/teTeX/share/texmf.local/tex/latex/graphics/keyval.sty
Package: keyval 1999/03/16 v1.13 key=value parser (DPC)
\KV@toks@=\toks14
))

Class beamer Warning: ``serif'' is obsolete. Use font theme ``serif'' instead o
n input line 297.


Class beamer Warning: ``mathserif'' is obsolete. Use font theme ``serif'' with 
option ``onlymath'' on input line 297.


(/usr/local/teTeX/share/texmf.tetex/tex/pgf/generic/pgf-2.00/latex/pgf/basiclay
er/pgfcore.sty
(/usr/local/teTeX/share/texmf.local/tex/latex/graphics/graphicx.sty
Package: graphicx 1999/02/16 v1.0f Enhanced LaTeX Graphics (DPC,SPQR)

(/usr/local/teTeX/share/texmf.local/tex/latex/graphics/graphics.sty
Package: graphics 2006/02/20 v1.0o Standard LaTeX Graphics (DPC,SPQR)

(/usr/local/teTeX/share/texmf.local/tex/latex/graphics/trig.sty
Package: trig 1999/03/16 v1.09 sin cos tan (DPC)
)
(/usr/local/teTeX/share/texmf.tetex/tex/latex/graphics/graphics.cfg
File: graphics.cfg 2005/02/03 v1.3 graphics configuration of teTeX/TeXLive
)
Package graphics Info: Driver file: pdftex.def on input line 90.

(/usr/local/teTeX/share/texmf.tetex/tex/latex/graphics/pdftex.def
File: pdftex.def 2002/06/19 v0.03k graphics/color for pdftex
\Gread@gobject=\count102
))
\Gin@req@height=\dimen119
\Gin@req@width=\dimen120
)
(/usr/local/teTeX/share/texmf.tetex/tex/pgf/generic/pgf-2.00/latex/pgf/systemla
yer/pgfsys.sty
(/usr/local/teTeX/share/texmf.tetex/tex/pgf/generic/pgf-2.00/latex/pgf/utilitie
s/pgfrcs.sty
(/usr/local/teTeX/share/texmf.tetex/tex/pgf/generic/pgf-2.00/generic/pgf/utilit
ies/pgfutil-common.tex
\pgfutil@everybye=\toks15
)
(/usr/local/teTeX/share/texmf.tetex/tex/pgf/generic/pgf-2.00/generic/pgf/utilit
ies/pgfutil-latex.def)
(/usr/local/teTeX/share/texmf.tetex/tex/pgf/generic/pgf-2.00/generic/pgf/utilit
ies/pgfrcs.code.tex
Package: pgfrcs 2008/02/20 v2.00 (rcs-revision 1.21)
))
(/usr/local/teTeX/share/texmf.tetex/tex/pgf/generic/pgf-2.00/generic/pgf/system
layer/pgfsys.code.tex
Package: pgfsys 2008/02/07 v2.00 (rcs-revision 1.31)

(/usr/local/teTeX/share/texmf.tetex/tex/pgf/generic/pgf-2.00/generic/pgf/utilit
ies/pgfkeys.code.tex
\pgfkeys@pathtoks=\toks16
\pgfkeys@temptoks=\toks17
)
\pgf@x=\dimen121
\pgf@y=\dimen122
\pgf@xa=\dimen123
\pgf@ya=\dimen124
\pgf@xb=\dimen125
\pgf@yb=\dimen126
\pgf@xc=\dimen127
\pgf@yc=\dimen128
\c@pgf@counta=\count103
\c@pgf@countb=\count104
\c@pgf@countc=\count105
\c@pgf@countd=\count106

(/usr/local/teTeX/share/texmf.tetex/tex/pgf/generic/pgf-2.00/generic/pgf/system
layer/pgf.cfg
File: pgf.cfg 2008/01/13  (rcs-revision 1.6)
)
Package pgfsys Info: Driver file for pgf: pgfsys-pdftex.def on input line 885.

(/usr/local/teTeX/share/texmf.tetex/tex/pgf/generic/pgf-2.00/generic/pgf/system
layer/pgfsys-pdftex.def
File: pgfsys-pdftex.def 2007/12/20  (rcs-revision 1.20)

(/usr/local/teTeX/share/texmf.tetex/tex/pgf/generic/pgf-2.00/generic/pgf/system
layer/pgfsys-common-pdf.def
File: pgfsys-common-pdf.def 2007/12/17  (rcs-revision 1.8)
)))
(/usr/local/teTeX/share/texmf.tetex/tex/pgf/generic/pgf-2.00/generic/pgf/system
layer/pgfsyssoftpath.code.tex
File: pgfsyssoftpath.code.tex 2008/01/23  (rcs-revision 1.6)
\pgfsyssoftpath@smallbuffer@items=\count107
\pgfsyssoftpath@bigbuffer@items=\count108
)
(/usr/local/teTeX/share/texmf.tetex/tex/pgf/generic/pgf-2.00/generic/pgf/system
layer/pgfsysprotocol.code.tex
File: pgfsysprotocol.code.tex 2006/10/16  (rcs-revision 1.4)
))
(/usr/local/teTeX/share/texmf.tetex/tex/latex/xcolor/xcolor.sty
Package: xcolor 2004/07/04 v2.00 LaTeX color extensions (UK)

(/usr/local/teTeX/share/texmf.tetex/tex/latex/graphics/color.cfg
File: color.cfg 2005/02/03 v1.3 color configuration of teTeX/TeXLive
)
Package xcolor Info: Driver file: pdftex.def on input line 136.
Package xcolor Info: Color model `cmy' added on input line 972.
Package xcolor Info: Color model `hsb' added on input line 980.
Package xcolor Info: Color model `HTML' added on input line 1000.
Package xcolor Info: Color model `HSB' added on input line 1006.
Package xcolor Info: Color model `Gray' added on input line 1012.

(/usr/local/teTeX/share/texmf.tetex/tex/latex/xcolor/svgnam.def
File: svgnam.def 2004/07/04 v2.00 Predefined color names according to SVG 1.1 (
UK)
))
(/usr/local/teTeX/share/texmf.tetex/tex/pgf/generic/pgf-2.00/generic/pgf/basicl
ayer/pgfcore.code.tex
Package: pgfcore 2008/01/15 v2.00 (rcs-revision 1.6)

(/usr/local/teTeX/share/texmf.tetex/tex/pgf/generic/pgf-2.00/generic/pgf/math/p
gfmath.code.tex
(/usr/local/teTeX/share/texmf.tetex/tex/pgf/generic/pgf-2.00/generic/pgf/math/p
gfmathcalc.code.tex
(/usr/local/teTeX/share/texmf.tetex/tex/pgf/generic/pgf-2.00/generic/pgf/math/p
gfmathutil.code.tex
\pgfmath@box=\box34
)
(/usr/local/teTeX/share/texmf.tetex/tex/pgf/generic/pgf-2.00/generic/pgf/math/p
gfmathparser.code.tex
\pgfmath@stack=\toks18
\c@pgfmath@parsecounta=\count109
\c@pgfmath@parsecountb=\count110
\c@pgfmath@parsecountc=\count111
\pgfmath@parsex=\dimen129
)
(/usr/local/teTeX/share/texmf.tetex/tex/pgf/generic/pgf-2.00/generic/pgf/math/p
gfmathoperations.code.tex
(/usr/local/teTeX/share/texmf.tetex/tex/pgf/generic/pgf-2.00/generic/pgf/math/p
gfmathtrig.code.tex)
(/usr/local/teTeX/share/texmf.tetex/tex/pgf/generic/pgf-2.00/generic/pgf/math/p
gfmathrnd.code.tex))
(/usr/local/teTeX/share/texmf.tetex/tex/pgf/generic/pgf-2.00/generic/pgf/math/p
gfmathbase.code.tex)))
(/usr/local/teTeX/share/texmf.tetex/tex/pgf/generic/pgf-2.00/generic/pgf/basicl
ayer/pgfcorepoints.code.tex
File: pgfcorepoints.code.tex 2008/02/03  (rcs-revision 1.13)
\pgf@picminx=\dimen130
\pgf@picmaxx=\dimen131
\pgf@picminy=\dimen132
\pgf@picmaxy=\dimen133
\pgf@pathminx=\dimen134
\pgf@pathmaxx=\dimen135
\pgf@pathminy=\dimen136
\pgf@pathmaxy=\dimen137
\pgf@xx=\dimen138
\pgf@xy=\dimen139
\pgf@yx=\dimen140
\pgf@yy=\dimen141
\pgf@zx=\dimen142
\pgf@zy=\dimen143
)
(/usr/local/teTeX/share/texmf.tetex/tex/pgf/generic/pgf-2.00/generic/pgf/basicl
ayer/pgfcorepathconstruct.code.tex
File: pgfcorepathconstruct.code.tex 2008/02/13  (rcs-revision 1.14)
\pgf@path@lastx=\dimen144
\pgf@path@lasty=\dimen145
)
(/usr/local/teTeX/share/texmf.tetex/tex/pgf/generic/pgf-2.00/generic/pgf/basicl
ayer/pgfcorepathusage.code.tex
File: pgfcorepathusage.code.tex 2008/01/23  (rcs-revision 1.11)
\pgf@shorten@end@additional=\dimen146
\pgf@shorten@start@additional=\dimen147
)
(/usr/local/teTeX/share/texmf.tetex/tex/pgf/generic/pgf-2.00/generic/pgf/basicl
ayer/pgfcorescopes.code.tex
File: pgfcorescopes.code.tex 2008/01/15  (rcs-revision 1.26)
\pgfpic=\box35
\pgf@hbox=\box36
\pgf@layerbox@main=\box37
\pgf@picture@serial@count=\count112
)
(/usr/local/teTeX/share/texmf.tetex/tex/pgf/generic/pgf-2.00/generic/pgf/basicl
ayer/pgfcoregraphicstate.code.tex
File: pgfcoregraphicstate.code.tex 2007/12/12  (rcs-revision 1.8)
\pgflinewidth=\dimen148
)
(/usr/local/teTeX/share/texmf.tetex/tex/pgf/generic/pgf-2.00/generic/pgf/basicl
ayer/pgfcoretransformations.code.tex
File: pgfcoretransformations.code.tex 2008/02/04  (rcs-revision 1.10)
\pgf@pt@x=\dimen149
\pgf@pt@y=\dimen150
\pgf@pt@temp=\dimen151
)
(/usr/local/teTeX/share/texmf.tetex/tex/pgf/generic/pgf-2.00/generic/pgf/basicl
ayer/pgfcorequick.code.tex
File: pgfcorequick.code.tex 2006/10/11  (rcs-revision 1.2)
)
(/usr/local/teTeX/share/texmf.tetex/tex/pgf/generic/pgf-2.00/generic/pgf/basicl
ayer/pgfcoreobjects.code.tex
File: pgfcoreobjects.code.tex 2006/10/11  (rcs-revision 1.2)
)
(/usr/local/teTeX/share/texmf.tetex/tex/pgf/generic/pgf-2.00/generic/pgf/basicl
ayer/pgfcorepathprocessing.code.tex
File: pgfcorepathprocessing.code.tex 2008/01/23  (rcs-revision 1.7)
)
(/usr/local/teTeX/share/texmf.tetex/tex/pgf/generic/pgf-2.00/generic/pgf/basicl
ayer/pgfcorearrows.code.tex
File: pgfcorearrows.code.tex 2007/06/07  (rcs-revision 1.8)
)
(/usr/local/teTeX/share/texmf.tetex/tex/pgf/generic/pgf-2.00/generic/pgf/basicl
ayer/pgfcoreshade.code.tex
File: pgfcoreshade.code.tex 2007/12/10  (rcs-revision 1.9)
\pgf@max=\dimen152
\pgf@sys@shading@range@num=\count113
)
(/usr/local/teTeX/share/texmf.tetex/tex/pgf/generic/pgf-2.00/generic/pgf/basicl
ayer/pgfcoreimage.code.tex
File: pgfcoreimage.code.tex 2008/01/15  (rcs-revision 1.1)
\pgfexternal@startupbox=\box38
)
(/usr/local/teTeX/share/texmf.tetex/tex/pgf/generic/pgf-2.00/generic/pgf/basicl
ayer/pgfcorelayers.code.tex
File: pgfcorelayers.code.tex 2008/01/15  (rcs-revision 1.1)
)
(/usr/local/teTeX/share/texmf.tetex/tex/pgf/generic/pgf-2.00/generic/pgf/basicl
ayer/pgfcoretransparency.code.tex
File: pgfcoretransparency.code.tex 2008/01/17  (rcs-revision 1.2)
)
(/usr/local/teTeX/share/texmf.tetex/tex/pgf/generic/pgf-2.00/generic/pgf/basicl
ayer/pgfcorepatterns.code.tex
File: pgfcorepatterns.code.tex 2008/01/15  (rcs-revision 1.1)
)))
(/usr/local/teTeX/share/texmf.tetex/tex/pgf/generic/pgf-2.00/latex/pgf/basiclay
er/pgfbaseimage.sty

Package pgf Warning: This package is obsolete and no longer needed on input lin
e 13.

)
(/usr/local/teTeX/share/texmf.tetex/tex/pgf/generic/pgf-2.00/latex/pgf/utilitie
s/xxcolor.sty
Package: xxcolor 2003/10/24 ver 0.1
\XC@nummixins=\count114
\XC@countmixins=\count115
)
(/usr/local/teTeX/share/texmf.tetex/tex/latex/amsfonts/amssymb.sty
Package: amssymb 2002/01/22 v2.2d

(/usr/local/teTeX/share/texmf.tetex/tex/latex/amsfonts/amsfonts.sty
Package: amsfonts 2001/10/25 v2.2f
\@emptytoks=\toks19
\symAMSa=\mathgroup4
\symAMSb=\mathgroup5
LaTeX Font Info:    Overwriting math alphabet `\mathfrak' in version `bold'
(Font)                  U/euf/m/n --> U/euf/b/n on input line 132.
))
(/usr/local/teTeX/share/texmf.tetex/tex/latex/geometry/geometry.sty
Package: geometry 2002/07/08 v3.2 Page Geometry
\Gm@cnth=\count116
\Gm@cntv=\count117
\c@Gm@tempcnt=\count118
\Gm@bindingoffset=\dimen153
\Gm@wd@mp=\dimen154
\Gm@odd@mp=\dimen155
\Gm@even@mp=\dimen156
\Gm@dimlist=\toks20

(/usr/local/teTeX/share/texmf.tetex/tex/latex/geometry/geometry.cfg))
(/usr/local/teTeX/share/texmf.tetex/tex/latex/hyperref/hyperref.sty
Package: hyperref 2003/11/30 v6.74m Hypertext links for LaTeX
\@linkdim=\dimen157
\Hy@linkcounter=\count119
\Hy@pagecounter=\count120

(/usr/local/teTeX/share/texmf.tetex/tex/latex/hyperref/pd1enc.def
File: pd1enc.def 2003/11/30 v6.74m Hyperref: PDFDocEncoding definition (HO)
)
(/usr/local/teTeX/share/texmf.tetex/tex/latex/hyperref/hyperref.cfg
File: hyperref.cfg 2002/06/06 v1.2 hyperref configuration of TeXLive and teTeX
)
Package hyperref Info: Option `bookmarks' set `true' on input line 1830.
Package hyperref Info: Option `bookmarksopen' set `true' on input line 1830.
Package hyperref Info: Option `implicit' set `false' on input line 1830.
Package hyperref Info: Hyper figures OFF on input line 1880.
Package hyperref Info: Link nesting OFF on input line 1885.
Package hyperref Info: Hyper index ON on input line 1888.
Package hyperref Info: Plain pages ON on input line 1893.
Package hyperref Info: Backreferencing OFF on input line 1900.

Implicit mode OFF; no redefinition of LaTeX internals
Package hyperref Info: Bookmarks ON on input line 2004.
(/usr/local/teTeX/share/texmf.tetex/tex/latex/url/url.sty
\Urlmuskip=\muskip10
Package: url 2004/03/15  ver 3.1  Verb mode for urls, etc.
)
LaTeX Info: Redefining \url on input line 2143.
\Fld@menulength=\count121
\Field@Width=\dimen158
\Fld@charsize=\dimen159
\Choice@toks=\toks21
\Field@toks=\toks22
Package hyperref Info: Hyper figures OFF on input line 2618.
Package hyperref Info: Link nesting OFF on input line 2623.
Package hyperref Info: Hyper index ON on input line 2626.
Package hyperref Info: backreferencing OFF on input line 2633.
Package hyperref Info: Link coloring OFF on input line 2638.

Hyperref stopped early
)
*hyperref using default driver hpdftex*
(/usr/local/teTeX/share/texmf.tetex/tex/latex/hyperref/hpdftex.def
File: hpdftex.def 2003/11/30 v6.74m Hyperref driver for pdfTeX

(/usr/local/teTeX/share/texmf.tetex/tex/latex/psnfss/pifont.sty
Package: pifont 2004/09/15 PSNFSS-v9.2 Pi font support (SPQR) 
LaTeX Font Info:    Try loading font information for U+pzd on input line 63.

(/usr/local/teTeX/share/texmf.tetex/tex/latex/psnfss/upzd.fd
File: upzd.fd 2001/06/04 font definitions for U/pzd.
)
LaTeX Font Info:    Try loading font information for U+psy on input line 64.

(/usr/local/teTeX/share/texmf.tetex/tex/latex/psnfss/upsy.fd
File: upsy.fd 2001/06/04 font definitions for U/psy.
))
\Fld@listcount=\count122
\@outlinefile=\write3
)
(/usr/local/teTeX/share/texmf.local/tex/latex/base/size11.clo
File: size11.clo 2005/09/16 v1.4f Standard LaTeX file (size option)
)
(/usr/local/teTeX/share/texmf.gwtex/tex/latex/beamer/beamerbasecompatibility.st
y
Package: beamerbasecompatibility 2005/01/25  (rcs-revision 1.60)
) (/usr/local/teTeX/share/texmf.gwtex/tex/latex/beamer/beamerbasefont.sty
Package: beamerbasefont 2005/05/17  (rcs-revision 1.15)
)
(/usr/local/teTeX/share/texmf.gwtex/tex/latex/beamer/beamerbasemisc.sty
Package: beamerbasemisc 2005/05/17  (rcs-revision 1.23)
)
(/usr/local/teTeX/share/texmf.gwtex/tex/latex/beamer/beamerbasetwoscreens.sty
Package: beamerbasetwoscreens 2005/10/14  (rcs-revision 1.6)
)
(/usr/local/teTeX/share/texmf.gwtex/tex/latex/beamer/beamerbaseoverlay.sty
Package: beamerbaseoverlay 2005/05/18  (rcs-revision 1.49)
\beamer@argscount=\count123
\beamer@lastskipcover=\skip42
\beamer@trivlistdepth=\count124
)
(/usr/local/teTeX/share/texmf.gwtex/tex/latex/beamer/beamerbasetitle.sty
Package: beamerbasetitle 2005/10/23  (rcs-revision 1.23)
)
(/usr/local/teTeX/share/texmf.gwtex/tex/latex/beamer/beamerbasesection.sty
Package: beamerbasesection 2005/04/20  (rcs-revision 1.18)
\c@lecture=\count125
\c@part=\count126
\c@section=\count127
\c@subsection=\count128
\c@subsubsection=\count129
)
(/usr/local/teTeX/share/texmf.gwtex/tex/latex/beamer/beamerbaseframe.sty
Package: beamerbaseframe 2005/06/02  (rcs-revision 1.58)
\beamer@framebox=\box39
\beamer@frametitlebox=\box40
\beamer@zoombox=\box41
\beamer@zoomcount=\count130
\beamer@zoomframecount=\count131
\beamer@frametextheight=\dimen160
\c@subsectionslide=\count132
\beamer@frametopskip=\skip43
\beamer@framebottomskip=\skip44
\beamer@frametopskipautobreak=\skip45
\beamer@framebottomskipautobreak=\skip46
\beamer@envbody=\toks23
\c@framenumber=\count133
)
(/usr/local/teTeX/share/texmf.gwtex/tex/latex/beamer/beamerbaseverbatim.sty
Package: beamerbaseverbatim 2005/04/12  (rcs-revision 1.6)
\beamer@verbatimfileout=\write4
)
(/usr/local/teTeX/share/texmf.gwtex/tex/latex/beamer/beamerbaseframesize.sty
Package: beamerbaseframesize 2005/06/09  (rcs-revision 1.17)
\beamer@splitbox=\box42
\beamer@autobreakcount=\count134
\beamer@autobreaklastheight=\dimen161
\beamer@frametitletoks=\toks24
\beamer@framesubtitletoks=\toks25
)
(/usr/local/teTeX/share/texmf.gwtex/tex/latex/beamer/beamerbaseframecomponents.
sty
Package: beamerbaseframecomponents 2004/11/08  (rcs-revision 1.40)
\beamer@footins=\box43
) (/usr/local/teTeX/share/texmf.gwtex/tex/latex/beamer/beamerbasecolor.sty
Package: beamerbasecolor 2005/01/25  (rcs-revision 1.41)
)
(/usr/local/teTeX/share/texmf.gwtex/tex/latex/beamer/beamerbasenotes.sty
Package: beamerbasenotes 2005/10/14  (rcs-revision 1.22)
\beamer@frameboxcopy=\box44
)
(/usr/local/teTeX/share/texmf.gwtex/tex/latex/beamer/beamerbasetoc.sty
Package: beamerbasetoc 2004/12/09  (rcs-revision 1.20)
)
(/usr/local/teTeX/share/texmf.gwtex/tex/latex/beamer/beamerbasetemplates.sty
Package: beamerbasetemplates 2004/10/07  (rcs-revision 1.50)
\beamer@sbttoks=\toks26

(/usr/local/teTeX/share/texmf.gwtex/tex/latex/beamer/beamerbaseauxtemplates.sty
Package: beamerbaseauxtemplates 2005/06/09  (rcs-revision 1.27)
(/usr/local/teTeX/share/texmf.gwtex/tex/latex/beamer/beamerbaseboxes.sty
Package: beamerbaseboxes 2005/06/09  (rcs-revision 1.28)
\bmb@box=\box45
\bmb@colorbox=\box46
\bmb@boxshadow=\box47
\bmb@boxshadowball=\box48
\bmb@boxshadowballlarge=\box49
\bmb@temp=\dimen162
\bmb@dima=\dimen163
\bmb@dimb=\dimen164
\bmb@prevheight=\dimen165
)
\beamer@blockheadheight=\dimen166
))
(/usr/local/teTeX/share/texmf.gwtex/tex/latex/beamer/beamerbaselocalstructure.s
ty
Package: beamerbaselocalstructure 2005/04/20  (rcs-revision 1.51)
 (/usr/local/teTeX/share/texmf.local/tex/latex/tools/enumerate.sty
Package: enumerate 1999/03/05 v3.00 enumerate extensions (DPC)
\@enLab=\toks27
)
\c@figure=\count135
\c@table=\count136
\abovecaptionskip=\skip47
\belowcaptionskip=\skip48
)
(/usr/local/teTeX/share/texmf.gwtex/tex/latex/beamer/beamerbasenavigation.sty
Package: beamerbasenavigation 2005/06/01  (rcs-revision 1.34)
)
(/usr/local/teTeX/share/texmf.gwtex/tex/latex/beamer/beamerbasetheorems.sty
Package: beamerbasetheorems 2005/04/04  (rcs-revision 1.7)

(/usr/local/teTeX/share/texmf.tetex/tex/latex/amsmath/amsmath.sty
Package: amsmath 2000/07/18 v2.13 AMS math features
\@mathmargin=\skip49

For additional information on amsmath, use the `?' option.
(/usr/local/teTeX/share/texmf.tetex/tex/latex/amsmath/amstext.sty
Package: amstext 2000/06/29 v2.01

(/usr/local/teTeX/share/texmf.tetex/tex/latex/amsmath/amsgen.sty
File: amsgen.sty 1999/11/30 v2.0
\@emptytoks=\toks28
\ex@=\dimen167
))
(/usr/local/teTeX/share/texmf.tetex/tex/latex/amsmath/amsbsy.sty
Package: amsbsy 1999/11/29 v1.2d
\pmbraise@=\dimen168
)
(/usr/local/teTeX/share/texmf.tetex/tex/latex/amsmath/amsopn.sty
Package: amsopn 1999/12/14 v2.01 operator names
)
\inf@bad=\count137
LaTeX Info: Redefining \frac on input line 211.
\uproot@=\count138
\leftroot@=\count139
LaTeX Info: Redefining \overline on input line 307.
\classnum@=\count140
\DOTSCASE@=\count141
LaTeX Info: Redefining \ldots on input line 379.
LaTeX Info: Redefining \dots on input line 382.
LaTeX Info: Redefining \cdots on input line 467.
\Mathstrutbox@=\box50
\strutbox@=\box51
\big@size=\dimen169
LaTeX Font Info:    Redeclaring font encoding OML on input line 567.
LaTeX Font Info:    Redeclaring font encoding OMS on input line 568.
\macc@depth=\count142
\c@MaxMatrixCols=\count143
\dotsspace@=\muskip11
\c@parentequation=\count144
\dspbrk@lvl=\count145
\tag@help=\toks29
\row@=\count146
\column@=\count147
\maxfields@=\count148
\andhelp@=\toks30
\eqnshift@=\dimen170
\alignsep@=\dimen171
\tagshift@=\dimen172
\tagwidth@=\dimen173
\totwidth@=\dimen174
\lineht@=\dimen175
\@envbody=\toks31
\multlinegap=\skip50
\multlinetaggap=\skip51
\mathdisplay@stack=\toks32
LaTeX Info: Redefining \[ on input line 2666.
LaTeX Info: Redefining \] on input line 2667.
)
(/usr/local/teTeX/share/texmf.tetex/tex/latex/amscls/amsthm.sty
Package: amsthm 2004/08/06 v2.20
\thm@style=\toks33
\thm@bodyfont=\toks34
\thm@headfont=\toks35
\thm@notefont=\toks36
\thm@headpunct=\toks37
\thm@preskip=\skip52
\thm@postskip=\skip53
\thm@headsep=\skip54
\dth@everypar=\toks38
)
\c@theorem=\count149
)
(/usr/local/teTeX/share/texmf.gwtex/tex/latex/beamer/beamerbasethemes.sty
Package: beamerbasethemes 2004/10/07  (rcs-revision 1.9)
)
(/usr/local/teTeX/share/texmf.gwtex/tex/latex/beamer/themes/theme/beamerthemede
fault.sty
Package: beamerthemedefault 2004/10/07  (rcs-revision 1.6)

(/usr/local/teTeX/share/texmf.gwtex/tex/latex/beamer/themes/font/beamerfontthem
edefault.sty
Package: beamerfontthemedefault 2005/03/15  (rcs-revision 1.12)
)
(/usr/local/teTeX/share/texmf.gwtex/tex/latex/beamer/themes/color/beamercolorth
emedefault.sty
Package: beamercolorthemedefault 2005/03/15  (rcs-revision 1.27)
)
(/usr/local/teTeX/share/texmf.gwtex/tex/latex/beamer/themes/inner/beamerinnerth
emedefault.sty
Package: beamerinnerthemedefault 2005/06/17  (rcs-revision 1.19)
\beamer@dima=\dimen176
\beamer@dimb=\dimen177
)
(/usr/local/teTeX/share/texmf.gwtex/tex/latex/beamer/themes/outer/beamerouterth
emedefault.sty
Package: beamerouterthemedefault 2005/06/09  (rcs-revision 1.13)
)))
(/usr/local/teTeX/share/texmf.tetex/tex/latex/pxfonts/pxfonts.sty
Package: pxfonts 2005/01/03 v1.1
LaTeX Font Info:    Redeclaring symbol font `operators' on input line 20.
LaTeX Font Info:    Overwriting symbol font `operators' in version `normal'
(Font)                  OT1/cmr/m/n --> OT1/pxr/m/n on input line 20.
LaTeX Font Info:    Overwriting symbol font `operators' in version `bold'
(Font)                  OT1/cmr/bx/n --> OT1/pxr/m/n on input line 20.
LaTeX Font Info:    Overwriting symbol font `operators' in version `bold'
(Font)                  OT1/pxr/m/n --> OT1/pxr/bx/n on input line 21.
\symitalic=\mathgroup6
LaTeX Font Info:    Overwriting symbol font `italic' in version `bold'
(Font)                  OT1/pxr/m/it --> OT1/pxr/bx/it on input line 25.
LaTeX Font Info:    Redeclaring math alphabet \mathbf on input line 28.
LaTeX Font Info:    Overwriting math alphabet `\mathbf' in version `normal'
(Font)                  OT1/cmr/bx/n --> OT1/pxr/bx/n on input line 28.
LaTeX Font Info:    Overwriting math alphabet `\mathbf' in version `bold'
(Font)                  OT1/cmr/bx/n --> OT1/pxr/bx/n on input line 28.
LaTeX Font Info:    Redeclaring math alphabet \mathit on input line 29.
LaTeX Font Info:    Overwriting math alphabet `\mathit' in version `normal'
(Font)                  OT1/cmr/m/it --> OT1/pxr/m/it on input line 29.
LaTeX Font Info:    Overwriting math alphabet `\mathit' in version `bold'
(Font)                  OT1/cmr/bx/it --> OT1/pxr/m/it on input line 29.
LaTeX Font Info:    Overwriting math alphabet `\mathit' in version `bold'
(Font)                  OT1/pxr/m/it --> OT1/pxr/bx/it on input line 30.
LaTeX Font Info:    Redeclaring math alphabet \mathsf on input line 39.
LaTeX Font Info:    Overwriting math alphabet `\mathsf' in version `normal'
(Font)                  OT1/cmss/m/n --> OT1/pxss/m/n on input line 39.
LaTeX Font Info:    Overwriting math alphabet `\mathsf' in version `bold'
(Font)                  OT1/cmss/bx/n --> OT1/pxss/m/n on input line 39.
LaTeX Font Info:    Overwriting math alphabet `\mathsf' in version `bold'
(Font)                  OT1/pxss/m/n --> OT1/pxss/b/n on input line 40.
LaTeX Font Info:    Redeclaring math alphabet \mathtt on input line 49.
LaTeX Font Info:    Overwriting math alphabet `\mathtt' in version `normal'
(Font)                  OT1/cmtt/m/n --> OT1/pxtt/m/n on input line 49.
LaTeX Font Info:    Overwriting math alphabet `\mathtt' in version `bold'
(Font)                  OT1/cmtt/m/n --> OT1/pxtt/m/n on input line 49.
LaTeX Font Info:    Overwriting math alphabet `\mathtt' in version `bold'
(Font)                  OT1/pxtt/m/n --> OT1/pxtt/b/n on input line 50.
LaTeX Font Info:    Redeclaring symbol font `letters' on input line 57.
LaTeX Font Info:    Overwriting symbol font `letters' in version `normal'
(Font)                  OML/cmm/m/it --> OML/pxmi/m/it on input line 57.
LaTeX Font Info:    Overwriting symbol font `letters' in version `bold'
(Font)                  OML/cmm/b/it --> OML/pxmi/m/it on input line 57.
LaTeX Font Info:    Overwriting symbol font `letters' in version `bold'
(Font)                  OML/pxmi/m/it --> OML/pxmi/bx/it on input line 58.
\symlettersA=\mathgroup7
LaTeX Font Info:    Overwriting symbol font `lettersA' in version `bold'
(Font)                  U/pxmia/m/it --> U/pxmia/bx/it on input line 66.
LaTeX Font Info:    Redeclaring math alphabet \mathfrak on input line 69.
LaTeX Font Info:    Redeclaring symbol font `symbols' on input line 76.
LaTeX Font Info:    Overwriting symbol font `symbols' in version `normal'
(Font)                  OMS/cmsy/m/n --> OMS/pxsy/m/n on input line 76.
LaTeX Font Info:    Overwriting symbol font `symbols' in version `bold'
(Font)                  OMS/cmsy/b/n --> OMS/pxsy/m/n on input line 76.
LaTeX Font Info:    Overwriting symbol font `symbols' in version `bold'
(Font)                  OMS/pxsy/m/n --> OMS/pxsy/bx/n on input line 77.
LaTeX Font Info:    Redeclaring symbol font `AMSa' on input line 92.
LaTeX Font Info:    Overwriting symbol font `AMSa' in version `normal'
(Font)                  U/msa/m/n --> U/pxsya/m/n on input line 92.
LaTeX Font Info:    Overwriting symbol font `AMSa' in version `bold'
(Font)                  U/msa/m/n --> U/pxsya/m/n on input line 92.
LaTeX Font Info:    Overwriting symbol font `AMSa' in version `bold'
(Font)                  U/pxsya/m/n --> U/pxsya/bx/n on input line 93.
LaTeX Font Info:    Redeclaring symbol font `AMSb' on input line 101.
LaTeX Font Info:    Overwriting symbol font `AMSb' in version `normal'
(Font)                  U/msb/m/n --> U/pxsyb/m/n on input line 101.
LaTeX Font Info:    Overwriting symbol font `AMSb' in version `bold'
(Font)                  U/msb/m/n --> U/pxsyb/m/n on input line 101.
LaTeX Font Info:    Overwriting symbol font `AMSb' in version `bold'
(Font)                  U/pxsyb/m/n --> U/pxsyb/bx/n on input line 102.
\symsymbolsC=\mathgroup8
LaTeX Font Info:    Overwriting symbol font `symbolsC' in version `bold'
(Font)                  U/pxsyc/m/n --> U/pxsyc/bx/n on input line 112.
LaTeX Font Info:    Redeclaring symbol font `largesymbols' on input line 119.
LaTeX Font Info:    Overwriting symbol font `largesymbols' in version `normal'
(Font)                  OMX/cmex/m/n --> OMX/pxex/m/n on input line 119.
LaTeX Font Info:    Overwriting symbol font `largesymbols' in version `bold'
(Font)                  OMX/cmex/m/n --> OMX/pxex/m/n on input line 119.
LaTeX Font Info:    Overwriting symbol font `largesymbols' in version `bold'
(Font)                  OMX/pxex/m/n --> OMX/pxex/bx/n on input line 120.
\symlargesymbolsA=\mathgroup9
LaTeX Font Info:    Overwriting symbol font `largesymbolsA' in version `bold'
(Font)                  U/pxexa/m/n --> U/pxexa/bx/n on input line 128.
LaTeX Info: Redefining \not on input line 996.
LaTeX Info: Redefining \textsquare on input line 1016.
LaTeX Info: Redefining \openbox on input line 1017.
)
(/usr/local/teTeX/share/texmf.tetex/tex/latex/eulervm/eulervm.sty
Package: eulervm 2005/01/11 v4.0 (WaS)
)
(/usr/local/teTeX/share/texmf.local/tex/latex/tools/array.sty
Package: array 2005/08/23 v2.4b Tabular extension package (FMi)
\col@sep=\dimen178
\extrarowheight=\dimen179
\NC@list=\toks39
\extratabsurround=\skip55
\backup@length=\skip56
)
(/usr/local/teTeX/share/texmf.tetex/tex/latex/booktabs/booktabs.sty
Package: booktabs 2003/03/28 v1.618 publication quality tables
\heavyrulewidth=\dimen180
\lightrulewidth=\dimen181
\cmidrulewidth=\dimen182
\belowrulesep=\dimen183
\belowbottomsep=\dimen184
\aboverulesep=\dimen185
\abovetopsep=\dimen186
\cmidrulesep=\dimen187
\cmidrulekern=\dimen188
\defaultaddspace=\dimen189
\@cmidla=\count150
\@cmidlb=\count151
\@aboverulesep=\dimen190
\@belowrulesep=\dimen191
\@thisruleclass=\count152
\@lastruleclass=\count153
\@thisrulewidth=\dimen192
)
(/usr/local/teTeX/share/texmf.tetex/tex/latex/listings/listings.sty
\lst@mode=\count154
\lst@gtempboxa=\box52
\lst@token=\toks40
\lst@length=\count155
\lst@currlwidth=\dimen193
\lst@column=\count156
\lst@pos=\count157
\lst@lostspace=\dimen194
\lst@width=\dimen195
\lst@newlines=\count158
\lst@lineno=\count159
\c@lstlisting=\count160
\lst@maxwidth=\dimen196

(/usr/local/teTeX/share/texmf.tetex/tex/latex/listings/lstpatch.sty
File: lstpatch.sty 2004/10/17 1.3b (Carsten Heinz)
)
(/usr/local/teTeX/share/texmf.tetex/tex/latex/listings/lstmisc.sty
File: lstmisc.sty 2004/09/07 1.3 (Carsten Heinz)
\c@lstnumber=\count161
\lst@skipnumbers=\count162
\lst@framebox=\box53
)
(/usr/local/teTeX/share/texmf.tetex/tex/latex/listings/listings.cfg
File: listings.cfg 2004/09/05 1.3 listings configuration
))
Package: listings 2004/10/17 1.3b (Carsten Heinz)

(/usr/local/teTeX/share/texmf.tetex/tex/latex/fancyvrb/fancyvrb.sty
Package: fancyvrb 1998/07/17

Style option: `fancyvrb' v2.6, with DG/SPQR fixes <1998/07/17> (tvz)
\FV@CodeLineNo=\count163
\FV@InFile=\read1
\FV@TabBox=\box54
\c@FancyVerbLine=\count164
\FV@StepNumber=\count165
\FV@OutFile=\write5

No file fancyvrb.cfg.
) (/usr/local/teTeX/share/texmf.tetex/tex/latex/relsize/relsize.sty
Package: relsize 2003/07/04 ver 3.1
)
(./lecture-15.aux)
\openout1 = `lecture-15.aux'.

LaTeX Font Info:    Checking defaults for OML/pxmi/m/it on input line 35.
LaTeX Font Info:    Try loading font information for OML+pxmi on input line 35.


(/usr/local/teTeX/share/texmf.tetex/tex/latex/pxfonts/omlpxmi.fd
File: omlpxmi.fd 2000/12/14 v1.0
)
LaTeX Font Info:    ... okay on input line 35.
LaTeX Font Info:    Checking defaults for T1/cmr/m/n on input line 35.
LaTeX Font Info:    ... okay on input line 35.
LaTeX Font Info:    Checking defaults for OT1/cmr/m/n on input line 35.
LaTeX Font Info:    ... okay on input line 35.
LaTeX Font Info:    Checking defaults for OMS/pxsy/m/n on input line 35.
LaTeX Font Info:    Try loading font information for OMS+pxsy on input line 35.


(/usr/local/teTeX/share/texmf.tetex/tex/latex/pxfonts/omspxsy.fd
File: omspxsy.fd 2000/12/14 v1.0
)
LaTeX Font Info:    ... okay on input line 35.
LaTeX Font Info:    Checking defaults for OMX/pxex/m/n on input line 35.
LaTeX Font Info:    Try loading font information for OMX+pxex on input line 35.


(/usr/local/teTeX/share/texmf.tetex/tex/latex/pxfonts/omxpxex.fd
File: omxpxex.fd 2000/12/14 v1.0
)
LaTeX Font Info:    ... okay on input line 35.
LaTeX Font Info:    Checking defaults for U/pxexa/m/n on input line 35.
LaTeX Font Info:    Try loading font information for U+pxexa on input line 35.

(/usr/local/teTeX/share/texmf.tetex/tex/latex/pxfonts/upxexa.fd
File: upxexa.fd 2000/12/14 v1.0
)
LaTeX Font Info:    ... okay on input line 35.
LaTeX Font Info:    Checking defaults for PD1/pdf/m/n on input line 35.
LaTeX Font Info:    ... okay on input line 35.
LaTeX Font Info:    Try loading font information for OT1+pxr on input line 35.

(/usr/local/teTeX/share/texmf.tetex/tex/latex/pxfonts/ot1pxr.fd
File: ot1pxr.fd 2000/12/14 v1.0
)
(/usr/local/teTeX/share/texmf.local/tex/context/base/supp-pdf.tex
(/usr/local/teTeX/share/texmf.local/tex/context/base/supp-mis.tex
loading : Context Support Macros / Miscellaneous (2004.10.26)
\protectiondepth=\count166
\scratchcounter=\count167
\scratchtoks=\toks41
\scratchdimen=\dimen197
\scratchskip=\skip57
\scratchmuskip=\muskip12
\scratchbox=\box55
\scratchread=\read2
\scratchwrite=\write6
\zeropoint=\dimen198
\onepoint=\dimen199
\onebasepoint=\dimen200
\minusone=\count168
\thousandpoint=\dimen201
\onerealpoint=\dimen202
\emptytoks=\toks42
\nextbox=\box56
\nextdepth=\dimen203
\everyline=\toks43
\!!counta=\count169
\!!countb=\count170
\recursecounter=\count171
)
loading : Context Support Macros / PDF (2004.03.26)
\nofMPsegments=\count172
\nofMParguments=\count173
\MPscratchCnt=\count174
\MPscratchDim=\dimen204
\MPnumerator=\count175
\everyMPtoPDFconversion=\toks44
)
-------------------- Geometry parameters
paper: user defined
landscape: --
twocolumn: --
twoside: --
asymmetric: --
h-parts: 28.45274pt, 307.28987pt, 28.45274pt
v-parts: 0.0pt, 273.14662pt, 0.0pt
hmarginratio: --
vmarginratio: --
lines: --
heightrounded: --
bindingoffset: 0.0pt
truedimen: --
includehead: true
includefoot: true
includemp: --
driver: pdftex
-------------------- Page layout dimensions and switches
\paperwidth  364.19536pt
\paperheight 273.14662pt
\textwidth  307.28987pt
\textheight 244.6939pt
\oddsidemargin  -43.81725pt
\evensidemargin -43.81725pt
\topmargin  -72.26999pt
\headheight 14.22636pt
\headsep    0.0pt
\footskip   14.22636pt
\marginparwidth 4.0pt
\marginparsep   10.0pt
\columnsep  10.0pt
\skip\footins  10.0pt plus 4.0pt minus 2.0pt
\hoffset 0.0pt
\voffset 0.0pt
\mag 1000

(1in=72.27pt, 1cm=28.45pt)
-----------------------
Package hyperref Info: Link coloring OFF on input line 35.
 (/usr/local/teTeX/share/texmf.tetex/tex/latex/hyperref/nameref.sty
Package: nameref 2003/12/03 v2.21 Cross-referencing by name of section
\c@section@level=\count176
)
LaTeX Info: Redefining \ref on input line 35.
LaTeX Info: Redefining \pageref on input line 35.

(./lecture-15.out) (./lecture-15.out)
\openout3 = `lecture-15.out'.

\symnumbers=\mathgroup10
\sympureletters=\mathgroup11
LaTeX Font Info:    Overwriting math alphabet `\mathrm' in version `normal'
(Font)                  OT1/pxr/m/n --> OT1/pxr/m/n on input line 35.
LaTeX Font Info:    Redeclaring math alphabet \mathbf on input line 35.
LaTeX Font Info:    Overwriting math alphabet `\mathbf' in version `normal'
(Font)                  OT1/pxr/b/n --> OT1/pxr/bx/n on input line 35.
LaTeX Font Info:    Overwriting math alphabet `\mathbf' in version `bold'
(Font)                  OT1/pxr/b/n --> OT1/pxr/bx/n on input line 35.
LaTeX Font Info:    Redeclaring math alphabet \mathsf on input line 35.
LaTeX Font Info:    Overwriting math alphabet `\mathsf' in version `normal'
(Font)                  OT1/pxss/m/n --> OT1/pxss/m/n on input line 35.
LaTeX Font Info:    Overwriting math alphabet `\mathsf' in version `bold'
(Font)                  OT1/pxss/b/n --> OT1/pxss/m/n on input line 35.
LaTeX Font Info:    Redeclaring math alphabet \mathit on input line 35.
LaTeX Font Info:    Overwriting math alphabet `\mathit' in version `normal'
(Font)                  OT1/pxr/m/it --> OT1/pxr/m/it on input line 35.
LaTeX Font Info:    Overwriting math alphabet `\mathit' in version `bold'
(Font)                  OT1/pxr/b/it --> OT1/pxr/m/it on input line 35.
LaTeX Font Info:    Redeclaring math alphabet \mathtt on input line 35.
LaTeX Font Info:    Overwriting math alphabet `\mathtt' in version `normal'
(Font)                  OT1/pxtt/m/n --> OT1/pxtt/m/n on input line 35.
LaTeX Font Info:    Overwriting math alphabet `\mathtt' in version `bold'
(Font)                  OT1/pxtt/b/n --> OT1/pxtt/m/n on input line 35.
LaTeX Font Info:    Overwriting symbol font `numbers' in version `bold'
(Font)                  OT1/pxr/m/n --> OT1/pxr/bx/n on input line 35.
LaTeX Font Info:    Overwriting symbol font `pureletters' in version `bold'
(Font)                  OT1/pxr/m/it --> OT1/pxr/bx/it on input line 35.
LaTeX Font Info:    Overwriting math alphabet `\mathrm' in version `bold'
(Font)                  OT1/pxr/b/n --> OT1/pxr/bx/n on input line 35.
LaTeX Font Info:    Overwriting math alphabet `\mathbf' in version `bold'
(Font)                  OT1/pxr/bx/n --> OT1/pxr/bx/n on input line 35.
LaTeX Font Info:    Overwriting math alphabet `\mathsf' in version `bold'
(Font)                  OT1/pxss/m/n --> OT1/pxss/bx/n on input line 35.
LaTeX Font Info:    Overwriting math alphabet `\mathit' in version `bold'
(Font)                  OT1/pxr/m/it --> OT1/pxr/bx/it on input line 35.
LaTeX Font Info:    Overwriting math alphabet `\mathtt' in version `bold'
(Font)                  OT1/pxtt/m/n --> OT1/pxtt/bx/n on input line 35.
 (./lecture-15.nav) [1

{/usr/local/teTeX/share/texmf.local/fonts/map/pdftex/updmap/pdftex.map}]
LaTeX Font Info:    Try loading font information for U+zeur on input line 54.

(/usr/local/teTeX/share/texmf.tetex/tex/latex/eulervm/uzeur.fd
File: uzeur.fd 2005/01/11 v4.0 (WaS)
)
LaTeX Font Info:    Try loading font information for U+zeus on input line 54.

(/usr/local/teTeX/share/texmf.tetex/tex/latex/eulervm/uzeus.fd
File: uzeus.fd 2005/01/11 v4.0 (WaS)
)
LaTeX Font Info:    Try loading font information for U+zeuex on input line 54.

(/usr/local/teTeX/share/texmf.tetex/tex/latex/eulervm/uzeuex.fd
File: uzeuex.fd 2005/01/11 v4.0 (WaS)
)
LaTeX Font Info:    Try loading font information for U+pxsya on input line 54.

(/usr/local/teTeX/share/texmf.tetex/tex/latex/pxfonts/upxsya.fd
File: upxsya.fd 2000/12/14 v1.0
)
LaTeX Font Info:    Try loading font information for U+pxsyb on input line 54.

(/usr/local/teTeX/share/texmf.tetex/tex/latex/pxfonts/upxsyb.fd
File: utxsyb.fd 2000/12/14 v1.0
)
LaTeX Font Info:    Try loading font information for U+pxmia on input line 54.

(/usr/local/teTeX/share/texmf.tetex/tex/latex/pxfonts/upxmia.fd
File: upxmia.fd 2000/12/14 v1.0
)
LaTeX Font Info:    Try loading font information for U+pxsyc on input line 54.

(/usr/local/teTeX/share/texmf.tetex/tex/latex/pxfonts/upxsyc.fd
File: upxsyc.fd 2000/12/14 v1.0
) [2

] [3

]
[4

] [5

] [6

] [7

] <Images/ld-plot.jpg, id=229, 496.16135pt x 304.36789pt>
File: Images/ld-plot.jpg Graphic file (type jpg)

<use Images/ld-plot.jpg>
Overfull \hbox (17.92513pt too wide) in paragraph at lines 125--125
 [] 
 []

[8

 <./Images/ld-plot.jpg>]
<Images/ancestral-mutation.jpg, id=255, 602.25pt x 480.79625pt>
File: Images/ancestral-mutation.jpg Graphic file (type jpg)

<use Images/ancestral-mutation.jpg>
Overfull \hbox (36.13501pt too wide) in paragraph at lines 139--139
[][]  
 []

[9

 <./Images/ancestral-mutation.jpg>] [10

] [11

] [12

] [13

] [14

] [15

]
<Images/cdcv.pdf, id=438, 298.4209pt x 205.8075pt>
File: Images/cdcv.pdf Graphic file (type pdf)
 <use Images/cdcv.pdf>
[16

 <./Images/cdcv.pdf>] [17

] [18

]
LaTeX Font Info:    Try loading font information for OT1+pxtt on input line 282
.

(/usr/local/teTeX/share/texmf.tetex/tex/latex/pxfonts/ot1pxtt.fd
File: ot1pxtt.fd 2000/12/14 v1.0
) [19

]
(./lecture-15.bbl) [20

 </usr/local/teTeX/share/texmf.gwtex/tex/latex/beamer/art/beamericonarticle.pdf
>]
\tf@nav=\write7
\openout7 = `lecture-15.nav'.

\tf@toc=\write8
\openout8 = `lecture-15.toc'.

\tf@snm=\write9
\openout9 = `lecture-15.snm'.

 (./lecture-15.aux) ) 
Here is how much of TeX's memory you used:
 13282 strings out of 95125
 233987 string characters out of 1182970
 2288940 words of memory out of 4743693
 16014 multiletter control sequences out of 10000+50000
 46257 words of font info for 151 fonts, out of 2000000 for 2000
 58 hyphenation exceptions out of 5000
 41i,14n,45p,345b,531s stack positions out of 5000i,500n,6000p,200000b,40000s
PDF statistics:
 701 PDF objects out of 300000
 44 named destinations out of 131072
 64 words of extra memory for PDF output out of 10000
</usr/local/teTeX/share/texmf.tetex/fonts/type1/public/txf
onts/txtt.pfb></usr/local/teTeX/share/texmf.tetex/fonts/type1/bluesky/cm/cmr10.
pfb></usr/local/teTeX/share/texmf.tetex/fonts/type1/bluesky/euler/eufm7.pfb></u
sr/local/teTeX/share/texmf.tetex/fonts/type1/bluesky/euler/eurm10.pfb></usr/loc
al/teTeX/share/texmf.tetex/fonts/type1/bluesky/symbols/msam10.pfb></usr/local/t
eTeX/share/texmf.tetex/fonts/type1/bluesky/euler/eusm10.pfb></usr/local/teTeX/s
hare/texmf.tetex/fonts/type1/bluesky/euler/euex10.pfb></usr/local/teTeX/share/t
exmf.tetex/fonts/type1/bluesky/cm/cmsy10.pfb></usr/local/teTeX/share/texmf.tete
x/fonts/type1/bluesky/cm/cmsy7.pfb></usr/local/teTeX/share/texmf.tetex/fonts/ty
pe1/public/pxfonts/rpxr.pfb></usr/local/teTeX/share/texmf.tetex/fonts/type1/pub
lic/pxfonts/pxsya.pfb></usr/local/teTeX/share/texmf.tetex/fonts/type1/public/px
fonts/pxsyc.pfb></usr/local/teTeX/share/texmf.tetex/fonts/type1/bluesky/euler/e
ufm10.pfb>{/usr/local/teTeX/share/texmf.tetex/fonts/enc/dvips/psnfss/8r.enc}</u
sr/local/teTeX/share/texmf.tetex/fonts/type1/urw/palatino/uplri8a.pfb></usr/loc
al/teTeX/share/texmf.tetex/fonts/type1/urw/palatino/uplr8a.pfb>
Output written on lecture-15.pdf (20 pages, 461742 bytes).
